<?xml version="1.0" encoding="UTF-8"?>
<!-- Generated by org.testng.reporters.JUnitReportReporter -->
<testsuite hostname="LAPTOP-6342DMDT" failures="0" tests="10" name="test.TC001_BestBuy" time="2.731" errors="1" timestamp="2024-01-09T15:26:08 IST" skipped="9">
  <testcase classname="test.TC001_BestBuy" name="setUp" time="2.731">
    <error message="&#039;void org.openqa.selenium.support.PageFactory.initElements(org.openqa.selenium.SearchContext, java.lang.Object)&#039;" type="java.lang.NoSuchMethodError">
      <![CDATA[java.lang.NoSuchMethodError: 'void org.openqa.selenium.support.PageFactory.initElements(org.openqa.selenium.SearchContext, java.lang.Object)'
at pages.HomePage.<init>(HomePage.java:17)
at test.TC001_BestBuy.setUp(TC001_BestBuy.java:40)
at java.base/jdk.internal.reflect.NativeMethodAccessorImpl.invoke0(Native Method)
at java.base/jdk.internal.reflect.NativeMethodAccessorImpl.invoke(NativeMethodAccessorImpl.java:77)
at java.base/jdk.internal.reflect.DelegatingMethodAccessorImpl.invoke(DelegatingMethodAccessorImpl.java:43)
at java.base/java.lang.reflect.Method.invoke(Method.java:568)
at org.testng.internal.invokers.MethodInvocationHelper.invokeMethod(MethodInvocationHelper.java:139)
at org.testng.internal.invokers.MethodInvocationHelper.invokeMethodConsideringTimeout(MethodInvocationHelper.java:69)
at org.testng.internal.invokers.ConfigInvoker.invokeConfigurationMethod(ConfigInvoker.java:390)
at org.testng.internal.invokers.ConfigInvoker.invokeConfigurations(ConfigInvoker.java:325)
at org.testng.internal.invokers.TestMethodWorker.invokeBeforeClassMethods(TestMethodWorker.java:180)
at org.testng.internal.invokers.TestMethodWorker.run(TestMethodWorker.java:122)
at java.base/java.util.ArrayList.forEach(ArrayList.java:1511)
at org.testng.TestRunner.privateRun(TestRunner.java:848)
at org.testng.TestRunner.run(TestRunner.java:621)
at org.testng.SuiteRunner.runTest(SuiteRunner.java:443)
at org.testng.SuiteRunner.runSequentially(SuiteRunner.java:437)
at org.testng.SuiteRunner.privateRun(SuiteRunner.java:397)
at org.testng.SuiteRunner.run(SuiteRunner.java:336)
at org.testng.SuiteRunnerWorker.runSuite(SuiteRunnerWorker.java:52)
at org.testng.SuiteRunnerWorker.run(SuiteRunnerWorker.java:95)
at org.testng.TestNG.runSuitesSequentially(TestNG.java:1280)
at org.testng.TestNG.runSuitesLocally(TestNG.java:1200)
at org.testng.TestNG.runSuites(TestNG.java:1114)
at org.testng.TestNG.run(TestNG.java:1082)
at org.testng.remote.AbstractRemoteTestNG.run(AbstractRemoteTestNG.java:115)
at org.testng.remote.RemoteTestNG.initAndRun(RemoteTestNG.java:251)
at org.testng.remote.RemoteTestNG.main(RemoteTestNG.java:77)
]]>
    </error>
  </testcase> <!-- setUp -->
  <testcase classname="test.TC001_BestBuy" name="openHomePage" time="0.000">
    <skipped/>
  </testcase> <!-- openHomePage -->
  <testcase classname="test.TC001_BestBuy" name="signUp" time="0.000">
    <skipped/>
  </testcase> <!-- signUp -->
  <testcase classname="test.TC001_BestBuy" name="navigateToAllMenuAndValidateTitle" time="0.000">
    <skipped/>
  </testcase> <!-- navigateToAllMenuAndValidateTitle -->
  <testcase classname="test.TC001_BestBuy" name="validateLink1" time="0.000">
    <skipped/>
  </testcase> <!-- validateLink1 -->
  <testcase classname="test.TC001_BestBuy" name="SearchItem" time="0.000">
    <skipped/>
  </testcase> <!-- SearchItem -->
  <testcase classname="test.TC001_BestBuy" name="selectItemFromShopByDepartment" time="0.000">
    <skipped/>
  </testcase> <!-- selectItemFromShopByDepartment -->
  <testcase classname="test.TC001_BestBuy" name="selectItemFromBrands" time="0.000">
    <skipped/>
  </testcase> <!-- selectItemFromBrands -->
  <testcase classname="test.TC001_BestBuy" name="filloutchectoutpage" time="0.000">
    <skipped/>
  </testcase> <!-- filloutchectoutpage -->
  <testcase classname="test.TC001_BestBuy" name="VerifyOrderPlacement" time="0.000">
    <skipped/>
  </testcase> <!-- VerifyOrderPlacement -->
</testsuite> <!-- test.TC001_BestBuy -->
